2020-03-23 05:40:38 [main] DEBUG o.s.b.c.l.ClasspathLoggingApplicationListener -
				Application started with classpath: unknown
2020-03-23 05:40:38 [main] DEBUG o.s.boot.SpringApplication -
				Loading source class org.springframework.cloud.bootstrap.BootstrapImportSelectorConfiguration
2020-03-23 05:40:38 [background-preinit] DEBUG o.h.v.m.ResourceBundleMessageInterpolator -
				Loaded expression factory via original TCCL
2020-03-23 05:40:38 [background-preinit] DEBUG o.h.v.i.engine.ValidatorFactoryImpl -
				HV000234: Using org.hibernate.validator.messageinterpolation.ResourceBundleMessageInterpolator as ValidatorFactory-scoped message interpolator.
2020-03-23 05:40:38 [background-preinit] DEBUG o.h.v.i.engine.ValidatorFactoryImpl -
				HV000234: Using org.hibernate.validator.internal.engine.resolver.JPATraversableResolver as ValidatorFactory-scoped traversable resolver.
2020-03-23 05:40:38 [background-preinit] DEBUG o.h.v.i.engine.ValidatorFactoryImpl -
				HV000234: Using org.hibernate.validator.internal.util.ExecutableParameterNameProvider as ValidatorFactory-scoped parameter name provider.
2020-03-23 05:40:38 [background-preinit] DEBUG o.h.v.i.engine.ValidatorFactoryImpl -
				HV000234: Using org.hibernate.validator.internal.engine.DefaultClockProvider as ValidatorFactory-scoped clock provider.
2020-03-23 05:40:38 [background-preinit] DEBUG o.h.v.i.engine.ValidatorFactoryImpl -
				HV000234: Using org.hibernate.validator.internal.engine.scripting.DefaultScriptEvaluatorFactory as ValidatorFactory-scoped script evaluator factory.
2020-03-23 05:40:38 [main] DEBUG o.s.c.a.AnnotationConfigApplicationContext -
				Refreshing org.springframework.context.annotation.AnnotationConfigApplicationContext@dc7df28
2020-03-23 05:40:38 [main] DEBUG o.s.b.f.s.DefaultListableBeanFactory -
				Creating shared instance of singleton bean 'org.springframework.context.annotation.internalConfigurationAnnotationProcessor'
2020-03-23 05:40:38 [main] DEBUG o.s.b.f.s.DefaultListableBeanFactory -
				Creating shared instance of singleton bean 'org.springframework.boot.autoconfigure.internalCachingMetadataReaderFactory'
2020-03-23 05:40:39 [main] DEBUG o.s.b.f.s.DefaultListableBeanFactory -
				Creating shared instance of singleton bean 'propertySourcesPlaceholderConfigurer'
2020-03-23 05:40:39 [main] DEBUG o.s.b.f.s.DefaultListableBeanFactory -
				Creating shared instance of singleton bean 'org.springframework.boot.context.properties.ConfigurationPropertiesBeanDefinitionValidator'
2020-03-23 05:40:39 [main] DEBUG o.s.b.f.s.DefaultListableBeanFactory -
				Creating shared instance of singleton bean 'org.springframework.context.event.internalEventListenerProcessor'
2020-03-23 05:40:39 [main] DEBUG o.s.b.f.s.DefaultListableBeanFactory -
				Creating shared instance of singleton bean 'org.springframework.context.event.internalEventListenerFactory'
2020-03-23 05:40:39 [main] DEBUG o.s.b.f.s.DefaultListableBeanFactory -
				Creating shared instance of singleton bean 'org.springframework.context.annotation.internalAutowiredAnnotationProcessor'
2020-03-23 05:40:39 [main] DEBUG o.s.b.f.s.DefaultListableBeanFactory -
				Creating shared instance of singleton bean 'org.springframework.context.annotation.internalCommonAnnotationProcessor'
2020-03-23 05:40:39 [main] DEBUG o.s.b.f.s.DefaultListableBeanFactory -
				Creating shared instance of singleton bean 'org.springframework.context.annotation.internalPersistenceAnnotationProcessor'
2020-03-23 05:40:39 [main] DEBUG o.s.b.f.s.DefaultListableBeanFactory -
				Creating shared instance of singleton bean 'org.springframework.boot.context.properties.ConfigurationPropertiesBindingPostProcessor'
2020-03-23 05:40:39 [main] DEBUG o.s.b.f.s.DefaultListableBeanFactory -
				Creating shared instance of singleton bean 'org.springframework.boot.context.internalConfigurationPropertiesBinder'
2020-03-23 05:40:39 [main] DEBUG o.s.b.f.s.DefaultListableBeanFactory -
				Creating shared instance of singleton bean 'org.springframework.boot.context.internalConfigurationPropertiesBinderFactory'
2020-03-23 05:40:39 [main] DEBUG o.s.b.f.s.DefaultListableBeanFactory -
				Creating shared instance of singleton bean 'configurationPropertiesBeans'
2020-03-23 05:40:39 [main] DEBUG o.s.b.f.s.DefaultListableBeanFactory -
				Creating shared instance of singleton bean 'bootstrapImportSelectorConfiguration'
2020-03-23 05:40:39 [main] DEBUG o.s.b.f.s.DefaultListableBeanFactory -
				Creating shared instance of singleton bean 'org.springframework.cloud.bootstrap.config.PropertySourceBootstrapConfiguration'
2020-03-23 05:40:39 [main] DEBUG o.s.b.f.s.DefaultListableBeanFactory -
				Creating shared instance of singleton bean 'org.springframework.boot.context.properties.ConfigurationBeanFactoryMetadata'
2020-03-23 05:40:39 [main] DEBUG o.s.b.f.s.DefaultListableBeanFactory -
				Creating shared instance of singleton bean 'spring.cloud.config-org.springframework.cloud.bootstrap.config.PropertySourceBootstrapProperties'
2020-03-23 05:40:39 [main] DEBUG o.s.b.f.s.DefaultListableBeanFactory -
				Creating shared instance of singleton bean 'org.springframework.cloud.bootstrap.encrypt.EncryptionBootstrapConfiguration'
2020-03-23 05:40:39 [main] DEBUG o.s.b.f.s.DefaultListableBeanFactory -
				Creating shared instance of singleton bean 'encrypt-org.springframework.cloud.bootstrap.encrypt.KeyProperties'
2020-03-23 05:40:39 [main] DEBUG o.s.b.f.s.DefaultListableBeanFactory -
				Creating shared instance of singleton bean 'environmentDecryptApplicationListener'
2020-03-23 05:40:39 [main] DEBUG o.s.b.f.s.DefaultListableBeanFactory -
				Creating shared instance of singleton bean 'org.springframework.cloud.autoconfigure.ConfigurationPropertiesRebinderAutoConfiguration'
2020-03-23 05:40:39 [main] DEBUG o.s.b.f.s.DefaultListableBeanFactory -
				Creating shared instance of singleton bean 'configurationPropertiesRebinder'
2020-03-23 05:40:39 [main] DEBUG o.s.b.f.s.DefaultListableBeanFactory -
				Autowiring by type from bean name 'configurationPropertiesRebinder' via factory method to bean named 'configurationPropertiesBeans'
2020-03-23 05:40:39 [main] DEBUG o.s.b.f.s.DefaultListableBeanFactory -
				Creating shared instance of singleton bean 'org.springframework.boot.autoconfigure.context.PropertyPlaceholderAutoConfiguration'
2020-03-23 05:40:39 [main] DEBUG o.s.b.a.l.ConditionEvaluationReportLoggingListener -
				


============================
CONDITIONS EVALUATION REPORT
============================


Positive matches:
-----------------

   ConfigurationPropertiesRebinderAutoConfiguration matched:
      - @ConditionalOnBean (types: org.springframework.boot.context.properties.ConfigurationPropertiesBindingPostProcessor; SearchStrategy: all) found bean 'org.springframework.boot.context.properties.ConfigurationPropertiesBindingPostProcessor' (OnBeanCondition)

   ConfigurationPropertiesRebinderAutoConfiguration#configurationPropertiesBeans matched:
      - @ConditionalOnBean (types: org.springframework.cloud.context.properties.ConfigurationPropertiesBeans; SearchStrategy: current) did not find any beans (OnBeanCondition)

   ConfigurationPropertiesRebinderAutoConfiguration#configurationPropertiesRebinder matched:
      - @ConditionalOnBean (types: org.springframework.cloud.context.properties.ConfigurationPropertiesRebinder; SearchStrategy: current) did not find any beans (OnBeanCondition)

   EncryptionBootstrapConfiguration matched:
      - @ConditionalOnClass found required class 'org.springframework.security.crypto.encrypt.TextEncryptor' (OnClassCondition)

   PropertyPlaceholderAutoConfiguration#propertySourcesPlaceholderConfigurer matched:
      - @ConditionalOnBean (types: org.springframework.context.support.PropertySourcesPlaceholderConfigurer; SearchStrategy: current) did not find any beans (OnBeanCondition)


Negative matches:
-----------------

   EncryptionBootstrapConfiguration.RsaEncryptionConfiguration:
      Did not match:
         - Keystore nor key found in Environment (EncryptionBootstrapConfiguration.KeyCondition)
      Matched:
         - @ConditionalOnClass found required class 'org.springframework.security.rsa.crypto.RsaSecretEncryptor' (OnClassCondition)

   EncryptionBootstrapConfiguration.VanillaEncryptionConfiguration:
      Did not match:
         - @ConditionalOnMissingClass found unwanted class 'org.springframework.security.rsa.crypto.RsaSecretEncryptor' (OnClassCondition)

   EurekaDiscoveryClientConfigServiceBootstrapConfiguration:
      Did not match:
         - @ConditionalOnClass did not find required class 'org.springframework.cloud.config.client.ConfigServicePropertySourceLocator' (OnClassCondition)


Exclusions:
-----------

    None


Unconditional classes:
----------------------

    None



2020-03-23 05:40:39 [main] DEBUG o.s.b.c.l.ClasspathLoggingApplicationListener -
				Application started with classpath: unknown
2020-03-23 05:40:39 [main] INFO  c.s.u.AuthenticationServiceApplication -
				No active profile set, falling back to default profiles: default
2020-03-23 05:40:39 [main] DEBUG o.s.boot.SpringApplication -
				Loading source class com.stackroute.user.AuthenticationServiceApplication,class org.springframework.cloud.bootstrap.BootstrapApplicationListener$BootstrapMarkerConfiguration
2020-03-23 05:40:39 [main] DEBUG o.s.b.c.c.ConfigFileApplicationListener -
				Loaded config file 'file:/home/ubuntu/Desktop/FrontEndAss/Spring/newz-step6-boilerplate/AuthenticationService/target/classes/application.properties' (classpath:/application.properties)
2020-03-23 05:40:39 [main] DEBUG o.s.b.w.s.c.AnnotationConfigServletWebServerApplicationContext -
				Refreshing org.springframework.boot.web.servlet.context.AnnotationConfigServletWebServerApplicationContext@3b77a04f
2020-03-23 05:40:39 [main] DEBUG o.s.b.f.s.DefaultListableBeanFactory -
				Creating shared instance of singleton bean 'org.springframework.context.annotation.internalConfigurationAnnotationProcessor'
2020-03-23 05:40:39 [main] DEBUG o.s.b.f.s.DefaultListableBeanFactory -
				Creating shared instance of singleton bean 'org.springframework.boot.autoconfigure.internalCachingMetadataReaderFactory'
2020-03-23 05:40:40 [main] DEBUG o.s.c.a.ClassPathBeanDefinitionScanner -
				Identified candidate component class: file [/home/ubuntu/Desktop/FrontEndAss/Spring/newz-step6-boilerplate/AuthenticationService/target/classes/com/stackroute/user/aspect/LoggerAspect.class]
2020-03-23 05:40:40 [main] DEBUG o.s.c.a.ClassPathBeanDefinitionScanner -
				Identified candidate component class: file [/home/ubuntu/Desktop/FrontEndAss/Spring/newz-step6-boilerplate/AuthenticationService/target/classes/com/stackroute/user/config/SwaggerConfig.class]
2020-03-23 05:40:40 [main] DEBUG o.s.c.a.ClassPathBeanDefinitionScanner -
				Identified candidate component class: file [/home/ubuntu/Desktop/FrontEndAss/Spring/newz-step6-boilerplate/AuthenticationService/target/classes/com/stackroute/user/controller/UserAuthController.class]
2020-03-23 05:40:40 [main] DEBUG o.s.c.a.ClassPathBeanDefinitionScanner -
				Identified candidate component class: file [/home/ubuntu/Desktop/FrontEndAss/Spring/newz-step6-boilerplate/AuthenticationService/target/classes/com/stackroute/user/service/UserAuthServiceImpl.class]
2020-03-23 05:40:40 [main] DEBUG o.s.c.a.ClassPathBeanDefinitionScanner -
				Identified candidate component class: URL [jar:file:/home/ubuntu/.m2/repository/io/springfox/springfox-swagger2/2.9.2/springfox-swagger2-2.9.2.jar!/springfox/documentation/swagger2/mappers/ServiceModelToSwagger2MapperImpl.class]
2020-03-23 05:40:40 [main] DEBUG o.s.c.a.ClassPathBeanDefinitionScanner -
				Identified candidate component class: URL [jar:file:/home/ubuntu/.m2/repository/io/springfox/springfox-swagger2/2.9.2/springfox-swagger2-2.9.2.jar!/springfox/documentation/swagger2/mappers/VendorExtensionsMapperImpl.class]
2020-03-23 05:40:40 [main] DEBUG o.s.c.a.ClassPathBeanDefinitionScanner -
				Identified candidate component class: URL [jar:file:/home/ubuntu/.m2/repository/io/springfox/springfox-swagger2/2.9.2/springfox-swagger2-2.9.2.jar!/springfox/documentation/swagger2/mappers/ParameterMapperImpl.class]
2020-03-23 05:40:40 [main] DEBUG o.s.c.a.ClassPathBeanDefinitionScanner -
				Identified candidate component class: URL [jar:file:/home/ubuntu/.m2/repository/io/springfox/springfox-swagger2/2.9.2/springfox-swagger2-2.9.2.jar!/springfox/documentation/swagger2/mappers/ModelMapperImpl.class]
2020-03-23 05:40:40 [main] DEBUG o.s.c.a.ClassPathBeanDefinitionScanner -
				Identified candidate component class: URL [jar:file:/home/ubuntu/.m2/repository/io/springfox/springfox-swagger2/2.9.2/springfox-swagger2-2.9.2.jar!/springfox/documentation/swagger2/mappers/LicenseMapperImpl.class]
2020-03-23 05:40:40 [main] DEBUG o.s.c.a.ClassPathBeanDefinitionScanner -
				Identified candidate component class: URL [jar:file:/home/ubuntu/.m2/repository/io/springfox/springfox-swagger2/2.9.2/springfox-swagger2-2.9.2.jar!/springfox/documentation/swagger2/mappers/SecurityMapperImpl.class]
2020-03-23 05:40:40 [main] DEBUG o.s.c.a.ClassPathBeanDefinitionScanner -
				Identified candidate component class: URL [jar:file:/home/ubuntu/.m2/repository/io/springfox/springfox-spring-web/2.9.2/springfox-spring-web-2.9.2.jar!/springfox/documentation/spring/web/scanners/ApiListingReferenceScanner.class]
2020-03-23 05:40:40 [main] DEBUG o.s.c.a.ClassPathBeanDefinitionScanner -
				Identified candidate component class: URL [jar:file:/home/ubuntu/.m2/repository/io/springfox/springfox-spring-web/2.9.2/springfox-spring-web-2.9.2.jar!/springfox/documentation/spring/web/scanners/ApiDocumentationScanner.class]
2020-03-23 05:40:40 [main] DEBUG o.s.c.a.ClassPathBeanDefinitionScanner -
				Identified candidate component class: URL [jar:file:/home/ubuntu/.m2/repository/io/springfox/springfox-spring-web/2.9.2/springfox-spring-web-2.9.2.jar!/springfox/documentation/spring/web/scanners/ApiDescriptionReader.class]
2020-03-23 05:40:40 [main] DEBUG o.s.c.a.ClassPathBeanDefinitionScanner -
				Identified candidate component class: URL [jar:file:/home/ubuntu/.m2/repository/io/springfox/springfox-spring-web/2.9.2/springfox-spring-web-2.9.2.jar!/springfox/documentation/spring/web/scanners/ApiListingReader.class]
2020-03-23 05:40:40 [main] DEBUG o.s.c.a.ClassPathBeanDefinitionScanner -
				Identified candidate component class: URL [jar:file:/home/ubuntu/.m2/repository/io/springfox/springfox-spring-web/2.9.2/springfox-spring-web-2.9.2.jar!/springfox/documentation/spring/web/scanners/CachingOperationReader.class]
2020-03-23 05:40:40 [main] DEBUG o.s.c.a.ClassPathBeanDefinitionScanner -
				Identified candidate component class: URL [jar:file:/home/ubuntu/.m2/repository/io/springfox/springfox-spring-web/2.9.2/springfox-spring-web-2.9.2.jar!/springfox/documentation/spring/web/scanners/MediaTypeReader.class]
2020-03-23 05:40:40 [main] DEBUG o.s.c.a.ClassPathBeanDefinitionScanner -
				Identified candidate component class: URL [jar:file:/home/ubuntu/.m2/repository/io/springfox/springfox-spring-web/2.9.2/springfox-spring-web-2.9.2.jar!/springfox/documentation/spring/web/scanners/ApiListingScanner.class]
2020-03-23 05:40:40 [main] DEBUG o.s.c.a.ClassPathBeanDefinitionScanner -
				Identified candidate component class: URL [jar:file:/home/ubuntu/.m2/repository/io/springfox/springfox-spring-web/2.9.2/springfox-spring-web-2.9.2.jar!/springfox/documentation/spring/web/scanners/ApiModelReader.class]
2020-03-23 05:40:40 [main] DEBUG o.s.c.a.ClassPathBeanDefinitionScanner -
				Identified candidate component class: URL [jar:file:/home/ubuntu/.m2/repository/io/springfox/springfox-spring-web/2.9.2/springfox-spring-web-2.9.2.jar!/springfox/documentation/spring/web/scanners/ApiDescriptionLookup.class]
2020-03-23 05:40:40 [main] DEBUG o.s.c.a.ClassPathBeanDefinitionScanner -
				Identified candidate component class: URL [jar:file:/home/ubuntu/.m2/repository/io/springfox/springfox-spring-web/2.9.2/springfox-spring-web-2.9.2.jar!/springfox/documentation/spring/web/readers/operation/OperationModelsProvider.class]
2020-03-23 05:40:40 [main] DEBUG o.s.c.a.ClassPathBeanDefinitionScanner -
				Identified candidate component class: URL [jar:file:/home/ubuntu/.m2/repository/io/springfox/springfox-spring-web/2.9.2/springfox-spring-web-2.9.2.jar!/springfox/documentation/spring/web/readers/operation/OperationDeprecatedReader.class]
2020-03-23 05:40:40 [main] DEBUG o.s.c.a.ClassPathBeanDefinitionScanner -
				Identified candidate component class: URL [jar:file:/home/ubuntu/.m2/repository/io/springfox/springfox-spring-web/2.9.2/springfox-spring-web-2.9.2.jar!/springfox/documentation/spring/web/readers/operation/ResponseMessagesReader.class]
2020-03-23 05:40:40 [main] DEBUG o.s.c.a.ClassPathBeanDefinitionScanner -
				Identified candidate component class: URL [jar:file:/home/ubuntu/.m2/repository/io/springfox/springfox-spring-web/2.9.2/springfox-spring-web-2.9.2.jar!/springfox/documentation/spring/web/readers/operation/OperationParameterReader.class]
2020-03-23 05:40:40 [main] DEBUG o.s.c.a.ClassPathBeanDefinitionScanner -
				Identified candidate component class: URL [jar:file:/home/ubuntu/.m2/repository/io/springfox/springfox-spring-web/2.9.2/springfox-spring-web-2.9.2.jar!/springfox/documentation/spring/web/readers/operation/DefaultTagsProvider.class]
2020-03-23 05:40:40 [main] DEBUG o.s.c.a.ClassPathBeanDefinitionScanner -
				Identified candidate component class: URL [jar:file:/home/ubuntu/.m2/repository/io/springfox/springfox-spring-web/2.9.2/springfox-spring-web-2.9.2.jar!/springfox/documentation/spring/web/readers/operation/OperationTagsReader.class]
2020-03-23 05:40:40 [main] DEBUG o.s.c.a.ClassPathBeanDefinitionScanner -
				Identified candidate component class: URL [jar:file:/home/ubuntu/.m2/repository/io/springfox/springfox-spring-web/2.9.2/springfox-spring-web-2.9.2.jar!/springfox/documentation/spring/web/readers/operation/ApiOperationReader.class]
2020-03-23 05:40:40 [main] DEBUG o.s.c.a.ClassPathBeanDefinitionScanner -
				Identified candidate component class: URL [jar:file:/home/ubuntu/.m2/repository/io/springfox/springfox-spring-web/2.9.2/springfox-spring-web-2.9.2.jar!/springfox/documentation/spring/web/readers/operation/DefaultOperationReader.class]
2020-03-23 05:40:40 [main] DEBUG o.s.c.a.ClassPathBeanDefinitionScanner -
				Identified candidate component class: URL [jar:file:/home/ubuntu/.m2/repository/io/springfox/springfox-spring-web/2.9.2/springfox-spring-web-2.9.2.jar!/springfox/documentation/spring/web/readers/operation/OperationParameterRequestConditionReader.class]
2020-03-23 05:40:40 [main] DEBUG o.s.c.a.ClassPathBeanDefinitionScanner -
				Identified candidate component class: URL [jar:file:/home/ubuntu/.m2/repository/io/springfox/springfox-spring-web/2.9.2/springfox-spring-web-2.9.2.jar!/springfox/documentation/spring/web/readers/operation/OperationParameterHeadersConditionReader.class]
2020-03-23 05:40:40 [main] DEBUG o.s.c.a.ClassPathBeanDefinitionScanner -
				Identified candidate component class: URL [jar:file:/home/ubuntu/.m2/repository/io/springfox/springfox-spring-web/2.9.2/springfox-spring-web-2.9.2.jar!/springfox/documentation/spring/web/readers/operation/OperationResponseClassReader.class]
2020-03-23 05:40:40 [main] DEBUG o.s.c.a.ClassPathBeanDefinitionScanner -
				Identified candidate component class: URL [jar:file:/home/ubuntu/.m2/repository/io/springfox/springfox-spring-web/2.9.2/springfox-spring-web-2.9.2.jar!/springfox/documentation/spring/web/readers/operation/CachingOperationNameGenerator.class]
2020-03-23 05:40:40 [main] DEBUG o.s.c.a.ClassPathBeanDefinitionScanner -
				Identified candidate component class: URL [jar:file:/home/ubuntu/.m2/repository/io/springfox/springfox-spring-web/2.9.2/springfox-spring-web-2.9.2.jar!/springfox/documentation/spring/web/readers/parameter/ParameterMultiplesReader.class]
2020-03-23 05:40:40 [main] DEBUG o.s.c.a.ClassPathBeanDefinitionScanner -
				Identified candidate component class: URL [jar:file:/home/ubuntu/.m2/repository/io/springfox/springfox-spring-web/2.9.2/springfox-spring-web-2.9.2.jar!/springfox/documentation/spring/web/readers/parameter/ModelAttributeParameterExpander.class]
2020-03-23 05:40:40 [main] DEBUG o.s.c.a.ClassPathBeanDefinitionScanner -
				Identified candidate component class: URL [jar:file:/home/ubuntu/.m2/repository/io/springfox/springfox-spring-web/2.9.2/springfox-spring-web-2.9.2.jar!/springfox/documentation/spring/web/readers/parameter/ParameterTypeReader.class]
2020-03-23 05:40:40 [main] DEBUG o.s.c.a.ClassPathBeanDefinitionScanner -
				Identified candidate component class: URL [jar:file:/home/ubuntu/.m2/repository/io/springfox/springfox-spring-web/2.9.2/springfox-spring-web-2.9.2.jar!/springfox/documentation/spring/web/readers/parameter/ParameterRequiredReader.class]
2020-03-23 05:40:40 [main] DEBUG o.s.c.a.ClassPathBeanDefinitionScanner -
				Identified candidate component class: URL [jar:file:/home/ubuntu/.m2/repository/io/springfox/springfox-spring-web/2.9.2/springfox-spring-web-2.9.2.jar!/springfox/documentation/spring/web/readers/parameter/ParameterDataTypeReader.class]
2020-03-23 05:40:40 [main] DEBUG o.s.c.a.ClassPathBeanDefinitionScanner -
				Identified candidate component class: URL [jar:file:/home/ubuntu/.m2/repository/io/springfox/springfox-spring-web/2.9.2/springfox-spring-web-2.9.2.jar!/springfox/documentation/spring/web/readers/parameter/ParameterDefaultReader.class]
2020-03-23 05:40:40 [main] DEBUG o.s.c.a.ClassPathBeanDefinitionScanner -
				Identified candidate component class: URL [jar:file:/home/ubuntu/.m2/repository/io/springfox/springfox-spring-web/2.9.2/springfox-spring-web-2.9.2.jar!/springfox/documentation/spring/web/readers/parameter/ParameterNameReader.class]
2020-03-23 05:40:40 [main] DEBUG o.s.c.a.ClassPathBeanDefinitionScanner -
				Identified candidate component class: URL [jar:file:/home/ubuntu/.m2/repository/io/springfox/springfox-spring-web/2.9.2/springfox-spring-web-2.9.2.jar!/springfox/documentation/spring/web/readers/parameter/ExpandedParameterBuilder.class]
2020-03-23 05:40:40 [main] DEBUG o.s.c.a.ClassPathBeanDefinitionScanner -
				Identified candidate component class: URL [jar:file:/home/ubuntu/.m2/repository/io/springfox/springfox-spring-web/2.9.2/springfox-spring-web-2.9.2.jar!/springfox/documentation/spring/web/plugins/DocumentationPluginsBootstrapper.class]
2020-03-23 05:40:40 [main] DEBUG o.s.c.a.ClassPathBeanDefinitionScanner -
				Identified candidate component class: URL [jar:file:/home/ubuntu/.m2/repository/io/springfox/springfox-spring-web/2.9.2/springfox-spring-web-2.9.2.jar!/springfox/documentation/spring/web/plugins/WebMvcRequestHandlerProvider.class]
2020-03-23 05:40:40 [main] DEBUG o.s.c.a.ClassPathBeanDefinitionScanner -
				Identified candidate component class: URL [jar:file:/home/ubuntu/.m2/repository/io/springfox/springfox-spring-web/2.9.2/springfox-spring-web-2.9.2.jar!/springfox/documentation/spring/web/plugins/DocumentationPluginsManager.class]
2020-03-23 05:40:40 [main] DEBUG o.s.c.a.ClassPathBeanDefinitionScanner -
				Identified candidate component class: URL [jar:file:/home/ubuntu/.m2/repository/io/springfox/springfox-spring-web/2.9.2/springfox-spring-web-2.9.2.jar!/springfox/documentation/spring/web/paths/QueryStringUriTemplateDecorator.class]
2020-03-23 05:40:40 [main] DEBUG o.s.c.a.ClassPathBeanDefinitionScanner -
				Identified candidate component class: URL [jar:file:/home/ubuntu/.m2/repository/io/springfox/springfox-spring-web/2.9.2/springfox-spring-web-2.9.2.jar!/springfox/documentation/spring/web/paths/PathMappingDecorator.class]
2020-03-23 05:40:40 [main] DEBUG o.s.c.a.ClassPathBeanDefinitionScanner -
				Identified candidate component class: URL [jar:file:/home/ubuntu/.m2/repository/io/springfox/springfox-spring-web/2.9.2/springfox-spring-web-2.9.2.jar!/springfox/documentation/spring/web/paths/PathSanitizer.class]
2020-03-23 05:40:40 [main] DEBUG o.s.c.a.ClassPathBeanDefinitionScanner -
				Identified candidate component class: URL [jar:file:/home/ubuntu/.m2/repository/io/springfox/springfox-spring-web/2.9.2/springfox-spring-web-2.9.2.jar!/springfox/documentation/spring/web/paths/OperationPathDecorator.class]
2020-03-23 05:40:40 [main] DEBUG o.s.c.a.ClassPathBeanDefinitionScanner -
				Identified candidate component class: URL [jar:file:/home/ubuntu/.m2/repository/io/springfox/springfox-schema/2.9.2/springfox-schema-2.9.2.jar!/springfox/documentation/schema/CachingModelDependencyProvider.class]
2020-03-23 05:40:40 [main] DEBUG o.s.c.a.ClassPathBeanDefinitionScanner -
				Identified candidate component class: URL [jar:file:/home/ubuntu/.m2/repository/io/springfox/springfox-schema/2.9.2/springfox-schema-2.9.2.jar!/springfox/documentation/schema/TypeNameExtractor.class]
2020-03-23 05:40:40 [main] DEBUG o.s.c.a.ClassPathBeanDefinitionScanner -
				Identified candidate component class: URL [jar:file:/home/ubuntu/.m2/repository/io/springfox/springfox-schema/2.9.2/springfox-schema-2.9.2.jar!/springfox/documentation/schema/plugins/PropertyDiscriminatorBasedInheritancePlugin.class]
2020-03-23 05:40:40 [main] DEBUG o.s.c.a.ClassPathBeanDefinitionScanner -
				Identified candidate component class: URL [jar:file:/home/ubuntu/.m2/repository/io/springfox/springfox-schema/2.9.2/springfox-schema-2.9.2.jar!/springfox/documentation/schema/plugins/XmlModelPlugin.class]
2020-03-23 05:40:40 [main] DEBUG o.s.c.a.ClassPathBeanDefinitionScanner -
				Identified candidate component class: URL [jar:file:/home/ubuntu/.m2/repository/io/springfox/springfox-schema/2.9.2/springfox-schema-2.9.2.jar!/springfox/documentation/schema/plugins/SchemaPluginsManager.class]
2020-03-23 05:40:40 [main] DEBUG o.s.c.a.ClassPathBeanDefinitionScanner -
				Identified candidate component class: URL [jar:file:/home/ubuntu/.m2/repository/io/springfox/springfox-schema/2.9.2/springfox-schema-2.9.2.jar!/springfox/documentation/schema/property/CachingModelPropertiesProvider.class]
2020-03-23 05:40:40 [main] DEBUG o.s.c.a.ClassPathBeanDefinitionScanner -
				Identified candidate component class: URL [jar:file:/home/ubuntu/.m2/repository/io/springfox/springfox-schema/2.9.2/springfox-schema-2.9.2.jar!/springfox/documentation/schema/property/ObjectMapperBeanPropertyNamingStrategy.class]
2020-03-23 05:40:40 [main] DEBUG o.s.c.a.ClassPathBeanDefinitionScanner -
				Identified candidate component class: URL [jar:file:/home/ubuntu/.m2/repository/io/springfox/springfox-schema/2.9.2/springfox-schema-2.9.2.jar!/springfox/documentation/schema/property/bean/AccessorsProvider.class]
2020-03-23 05:40:40 [main] DEBUG o.s.c.a.ClassPathBeanDefinitionScanner -
				Identified candidate component class: URL [jar:file:/home/ubuntu/.m2/repository/io/springfox/springfox-schema/2.9.2/springfox-schema-2.9.2.jar!/springfox/documentation/schema/property/field/FieldProvider.class]
2020-03-23 05:40:40 [main] DEBUG o.s.c.a.ClassPathBeanDefinitionScanner -
				Identified candidate component class: URL [jar:file:/home/ubuntu/.m2/repository/io/springfox/springfox-schema/2.9.2/springfox-schema-2.9.2.jar!/springfox/documentation/schema/property/XmlPropertyPlugin.class]
2020-03-23 05:40:40 [main] DEBUG o.s.c.a.ClassPathBeanDefinitionScanner -
				Identified candidate component class: URL [jar:file:/home/ubuntu/.m2/repository/io/springfox/springfox-schema/2.9.2/springfox-schema-2.9.2.jar!/springfox/documentation/schema/property/OptimizedModelPropertiesProvider.class]
2020-03-23 05:40:40 [main] DEBUG o.s.c.a.ClassPathBeanDefinitionScanner -
				Identified candidate component class: URL [jar:file:/home/ubuntu/.m2/repository/io/springfox/springfox-schema/2.9.2/springfox-schema-2.9.2.jar!/springfox/documentation/schema/property/FactoryMethodProvider.class]
2020-03-23 05:40:40 [main] DEBUG o.s.c.a.ClassPathBeanDefinitionScanner -
				Identified candidate component class: URL [jar:file:/home/ubuntu/.m2/repository/io/springfox/springfox-schema/2.9.2/springfox-schema-2.9.2.jar!/springfox/documentation/schema/CachingModelProvider.class]
2020-03-23 05:40:40 [main] DEBUG o.s.c.a.ClassPathBeanDefinitionScanner -
				Identified candidate component class: URL [jar:file:/home/ubuntu/.m2/repository/io/springfox/springfox-schema/2.9.2/springfox-schema-2.9.2.jar!/springfox/documentation/schema/DefaultModelDependencyProvider.class]
2020-03-23 05:40:40 [main] DEBUG o.s.c.a.ClassPathBeanDefinitionScanner -
				Identified candidate component class: URL [jar:file:/home/ubuntu/.m2/repository/io/springfox/springfox-schema/2.9.2/springfox-schema-2.9.2.jar!/springfox/documentation/schema/JacksonEnumTypeDeterminer.class]
2020-03-23 05:40:40 [main] DEBUG o.s.c.a.ClassPathBeanDefinitionScanner -
				Identified candidate component class: URL [jar:file:/home/ubuntu/.m2/repository/io/springfox/springfox-schema/2.9.2/springfox-schema-2.9.2.jar!/springfox/documentation/schema/DefaultModelProvider.class]
2020-03-23 05:40:40 [main] DEBUG o.s.c.a.ClassPathBeanDefinitionScanner -
				Identified candidate component class: URL [jar:file:/home/ubuntu/.m2/repository/io/springfox/springfox-swagger-common/2.9.2/springfox-swagger-common-2.9.2.jar!/springfox/documentation/swagger/schema/ApiModelPropertyPropertyBuilder.class]
2020-03-23 05:40:40 [main] DEBUG o.s.c.a.ClassPathBeanDefinitionScanner -
				Identified candidate component class: URL [jar:file:/home/ubuntu/.m2/repository/io/springfox/springfox-swagger-common/2.9.2/springfox-swagger-common-2.9.2.jar!/springfox/documentation/swagger/schema/ApiModelTypeNameProvider.class]
2020-03-23 05:40:40 [main] DEBUG o.s.c.a.ClassPathBeanDefinitionScanner -
				Identified candidate component class: URL [jar:file:/home/ubuntu/.m2/repository/io/springfox/springfox-swagger-common/2.9.2/springfox-swagger-common-2.9.2.jar!/springfox/documentation/swagger/schema/ApiModelBuilder.class]
2020-03-23 05:40:40 [main] DEBUG o.s.c.a.ClassPathBeanDefinitionScanner -
				Identified candidate component class: URL [jar:file:/home/ubuntu/.m2/repository/io/springfox/springfox-swagger-common/2.9.2/springfox-swagger-common-2.9.2.jar!/springfox/documentation/swagger/readers/operation/OperationImplicitParameterReader.class]
2020-03-23 05:40:40 [main] DEBUG o.s.c.a.ClassPathBeanDefinitionScanner -
				Identified candidate component class: URL [jar:file:/home/ubuntu/.m2/repository/io/springfox/springfox-swagger-common/2.9.2/springfox-swagger-common-2.9.2.jar!/springfox/documentation/swagger/readers/operation/VendorExtensionsReader.class]
2020-03-23 05:40:40 [main] DEBUG o.s.c.a.ClassPathBeanDefinitionScanner -
				Identified candidate component class: URL [jar:file:/home/ubuntu/.m2/repository/io/springfox/springfox-swagger-common/2.9.2/springfox-swagger-common-2.9.2.jar!/springfox/documentation/swagger/readers/operation/SwaggerOperationResponseClassReader.class]
2020-03-23 05:40:40 [main] DEBUG o.s.c.a.ClassPathBeanDefinitionScanner -
				Identified candidate component class: URL [jar:file:/home/ubuntu/.m2/repository/io/springfox/springfox-swagger-common/2.9.2/springfox-swagger-common-2.9.2.jar!/springfox/documentation/swagger/readers/operation/SwaggerOperationModelsProvider.class]
2020-03-23 05:40:40 [main] DEBUG o.s.c.a.ClassPathBeanDefinitionScanner -
				Identified candidate component class: URL [jar:file:/home/ubuntu/.m2/repository/io/springfox/springfox-swagger-common/2.9.2/springfox-swagger-common-2.9.2.jar!/springfox/documentation/swagger/readers/operation/SwaggerMediaTypeReader.class]
2020-03-23 05:40:40 [main] DEBUG o.s.c.a.ClassPathBeanDefinitionScanner -
				Identified candidate component class: URL [jar:file:/home/ubuntu/.m2/repository/io/springfox/springfox-swagger-common/2.9.2/springfox-swagger-common-2.9.2.jar!/springfox/documentation/swagger/readers/operation/OperationHttpMethodReader.class]
2020-03-23 05:40:40 [main] DEBUG o.s.c.a.ClassPathBeanDefinitionScanner -
				Identified candidate component class: URL [jar:file:/home/ubuntu/.m2/repository/io/springfox/springfox-swagger-common/2.9.2/springfox-swagger-common-2.9.2.jar!/springfox/documentation/swagger/readers/operation/OperationImplicitParametersReader.class]
2020-03-23 05:40:40 [main] DEBUG o.s.c.a.ClassPathBeanDefinitionScanner -
				Identified candidate component class: URL [jar:file:/home/ubuntu/.m2/repository/io/springfox/springfox-swagger-common/2.9.2/springfox-swagger-common-2.9.2.jar!/springfox/documentation/swagger/readers/operation/OperationAuthReader.class]
2020-03-23 05:40:40 [main] DEBUG o.s.c.a.ClassPathBeanDefinitionScanner -
				Identified candidate component class: URL [jar:file:/home/ubuntu/.m2/repository/io/springfox/springfox-swagger-common/2.9.2/springfox-swagger-common-2.9.2.jar!/springfox/documentation/swagger/readers/operation/OperationHiddenReader.class]
2020-03-23 05:40:40 [main] DEBUG o.s.c.a.ClassPathBeanDefinitionScanner -
				Identified candidate component class: URL [jar:file:/home/ubuntu/.m2/repository/io/springfox/springfox-swagger-common/2.9.2/springfox-swagger-common-2.9.2.jar!/springfox/documentation/swagger/readers/operation/OperationSummaryReader.class]
2020-03-23 05:40:40 [main] DEBUG o.s.c.a.ClassPathBeanDefinitionScanner -
				Identified candidate component class: URL [jar:file:/home/ubuntu/.m2/repository/io/springfox/springfox-swagger-common/2.9.2/springfox-swagger-common-2.9.2.jar!/springfox/documentation/swagger/readers/operation/SwaggerResponseMessageReader.class]
2020-03-23 05:40:40 [main] DEBUG o.s.c.a.ClassPathBeanDefinitionScanner -
				Identified candidate component class: URL [jar:file:/home/ubuntu/.m2/repository/io/springfox/springfox-swagger-common/2.9.2/springfox-swagger-common-2.9.2.jar!/springfox/documentation/swagger/readers/operation/OperationNicknameIntoUniqueIdReader.class]
2020-03-23 05:40:40 [main] DEBUG o.s.c.a.ClassPathBeanDefinitionScanner -
				Identified candidate component class: URL [jar:file:/home/ubuntu/.m2/repository/io/springfox/springfox-swagger-common/2.9.2/springfox-swagger-common-2.9.2.jar!/springfox/documentation/swagger/readers/operation/OperationPositionReader.class]
2020-03-23 05:40:40 [main] DEBUG o.s.c.a.ClassPathBeanDefinitionScanner -
				Identified candidate component class: URL [jar:file:/home/ubuntu/.m2/repository/io/springfox/springfox-swagger-common/2.9.2/springfox-swagger-common-2.9.2.jar!/springfox/documentation/swagger/readers/operation/OperationNotesReader.class]
2020-03-23 05:40:40 [main] DEBUG o.s.c.a.ClassPathBeanDefinitionScanner -
				Identified candidate component class: URL [jar:file:/home/ubuntu/.m2/repository/io/springfox/springfox-swagger-common/2.9.2/springfox-swagger-common-2.9.2.jar!/springfox/documentation/swagger/readers/operation/SwaggerOperationTagsReader.class]
2020-03-23 05:40:40 [main] DEBUG o.s.c.a.ClassPathBeanDefinitionScanner -
				Identified candidate component class: URL [jar:file:/home/ubuntu/.m2/repository/io/springfox/springfox-swagger-common/2.9.2/springfox-swagger-common-2.9.2.jar!/springfox/documentation/swagger/readers/parameter/ApiParamParameterBuilder.class]
2020-03-23 05:40:40 [main] DEBUG o.s.c.a.ClassPathBeanDefinitionScanner -
				Identified candidate component class: URL [jar:file:/home/ubuntu/.m2/repository/io/springfox/springfox-swagger-common/2.9.2/springfox-swagger-common-2.9.2.jar!/springfox/documentation/swagger/readers/parameter/SwaggerExpandedParameterBuilder.class]
2020-03-23 05:40:41 [main] DEBUG o.s.c.a.ClassPathBeanDefinitionScanner -
				Identified candidate component class: URL [jar:file:/home/ubuntu/.m2/repository/io/springfox/springfox-swagger-common/2.9.2/springfox-swagger-common-2.9.2.jar!/springfox/documentation/swagger/web/SwaggerApiListingReader.class]
2020-03-23 05:40:41 [main] DEBUG o.s.c.a.ClassPathBeanDefinitionScanner -
				Identified candidate component class: URL [jar:file:/home/ubuntu/.m2/repository/io/springfox/springfox-swagger-common/2.9.2/springfox-swagger-common-2.9.2.jar!/springfox/documentation/swagger/web/ClassOrApiAnnotationResourceGrouping.class]
2020-03-23 05:40:41 [main] DEBUG o.s.c.a.ClassPathBeanDefinitionScanner -
				Identified candidate component class: URL [jar:file:/home/ubuntu/.m2/repository/io/springfox/springfox-swagger-common/2.9.2/springfox-swagger-common-2.9.2.jar!/springfox/documentation/swagger/web/InMemorySwaggerResourcesProvider.class]
2020-03-23 05:40:41 [main] DEBUG o.s.c.a.ClassPathBeanDefinitionScanner -
				Identified candidate component class: URL [jar:file:/home/ubuntu/.m2/repository/io/springfox/springfox-swagger-common/2.9.2/springfox-swagger-common-2.9.2.jar!/springfox/documentation/swagger/web/ApiResourceController.class]
